<?xml version="1.0" encoding="UTF-8"?>
<!-- Generated by org.testng.reporters.JUnitReportReporter -->
<testsuite hostname="LAPTOP-TVG3A3E6" failures="0" tests="1" name="orangeHRM.Logout" time="1.718" errors="0" timestamp="2024-08-22T22:16:03 IST" skipped="0">
  <testcase classname="orangeHRM.Logout" name="login" time="1.718"/>
  <system-out/>
</testsuite> <!-- orangeHRM.Logout -->
