<?xml version="1.0" encoding="UTF-8"?>
<!-- Generated by org.testng.reporters.JUnitReportReporter -->
<testsuite hostname="LAPTOP-TVG3A3E6" failures="0" tests="1" name="orangeHRM.OrangeHRMLP" time="1.885" errors="0" timestamp="2024-08-22T21:42:01 IST" skipped="0">
  <testcase classname="orangeHRM.OrangeHRMLP" name="LoginTest" time="1.885"/>
  <system-out/>
</testsuite> <!-- orangeHRM.OrangeHRMLP -->
