<?xml version="1.0" encoding="UTF-8"?>
<!-- Generated by org.testng.reporters.JUnitReportReporter -->
<testsuite hostname="LAPTOP-TVG3A3E6" failures="0" tests="1" name="firstPackage.FirstClass" time="0.008" errors="0" timestamp="2024-08-21T22:06:06 IST" skipped="0">
  <testcase classname="firstPackage.FirstClass" name="TC1" time="0.008"/>
  <system-out>
    <![CDATA[this is tc1]]>
  </system-out>
</testsuite> <!-- firstPackage.FirstClass -->
